prisma/seed-tds-tcs.ts(60,13): error TS2322: Type '{ section: string; }' is not assignable to type 'TDSSectionWhereUniqueInput'.
  Type '{ section: string; }' is not assignable to type '{ id: string | TDSSectionCompanyIdSectionCompoundUniqueInput; companyId_section: string | TDSSectionCompanyIdSectionCompoundUniqueInput; } & { ...; }'.
    Type '{ section: string; }' is missing the following properties from type '{ id: string | TDSSectionCompanyIdSectionCompoundUniqueInput; companyId_section: string | TDSSectionCompanyIdSectionCompoundUniqueInput; }': id, companyId_section
prisma/seed-tds-tcs.ts(62,13): error TS2322: Type '{ section: string; description: string; thresholdLimit: number; rateWithPAN: number; rateWithoutPAN: number; applicableOn: string; }' is not assignable to type '(Without<TDSSectionCreateInput, TDSSectionUncheckedCreateInput> & TDSSectionUncheckedCreateInput) | (Without<...> & TDSSectionCreateInput)'.
  Type '{ section: string; description: string; thresholdLimit: number; rateWithPAN: number; rateWithoutPAN: number; applicableOn: string; }' is not assignable to type 'Without<TDSSectionUncheckedCreateInput, TDSSectionCreateInput> & TDSSectionCreateInput'.
    Property 'company' is missing in type '{ section: string; description: string; thresholdLimit: number; rateWithPAN: number; rateWithoutPAN: number; applicableOn: string; }' but required in type 'TDSSectionCreateInput'.
prisma/seed-tds-tcs.ts(119,13): error TS2322: Type '{ goodsType: string; }' is not assignable to type 'TCSConfigWhereUniqueInput'.
  Type '{ goodsType: string; }' is not assignable to type '{ id: string | TCSConfigCompanyIdGoodsTypeCompoundUniqueInput; companyId_goodsType: string | TCSConfigCompanyIdGoodsTypeCompoundUniqueInput; } & { ...; }'.
    Type '{ goodsType: string; }' is missing the following properties from type '{ id: string | TCSConfigCompanyIdGoodsTypeCompoundUniqueInput; companyId_goodsType: string | TCSConfigCompanyIdGoodsTypeCompoundUniqueInput; }': id, companyId_goodsType
prisma/seed-tds-tcs.ts(121,13): error TS2322: Type '{ goodsType: string; description: string; threshold: number; rate: number; }' is not assignable to type '(Without<TCSConfigCreateInput, TCSConfigUncheckedCreateInput> & TCSConfigUncheckedCreateInput) | (Without<...> & TCSConfigCreateInput)'.
  Type '{ goodsType: string; description: string; threshold: number; rate: number; }' is not assignable to type 'Without<TCSConfigUncheckedCreateInput, TCSConfigCreateInput> & TCSConfigCreateInput'.
    Property 'company' is missing in type '{ goodsType: string; description: string; threshold: number; rate: number; }' but required in type 'TCSConfigCreateInput'.
prisma/seed.ts(39,9): error TS2322: Type '{ name: string; }' is not assignable to type 'GodownWhereUniqueInput'.
  Type '{ name: string; }' is not assignable to type '{ id: string | GodownCompanyIdNameCompoundUniqueInput; companyId_name: string | GodownCompanyIdNameCompoundUniqueInput; } & { ...; }'.
    Type '{ name: string; }' is missing the following properties from type '{ id: string | GodownCompanyIdNameCompoundUniqueInput; companyId_name: string | GodownCompanyIdNameCompoundUniqueInput; }': id, companyId_name
prisma/seed.ts(41,9): error TS2322: Type '{ name: string; }' is not assignable to type '(Without<GodownCreateInput, GodownUncheckedCreateInput> & GodownUncheckedCreateInput) | (Without<...> & GodownCreateInput)'.
  Type '{ name: string; }' is not assignable to type 'Without<GodownUncheckedCreateInput, GodownCreateInput> & GodownCreateInput'.
    Property 'company' is missing in type '{ name: string; }' but required in type 'GodownCreateInput'.
prisma/seed.ts(46,9): error TS2322: Type '{ name: string; }' is not assignable to type 'CostCategoryWhereUniqueInput'.
  Type '{ name: string; }' is not assignable to type '{ id: string | CostCategoryCompanyIdNameCompoundUniqueInput; companyId_name: string | CostCategoryCompanyIdNameCompoundUniqueInput; } & { ...; }'.
    Type '{ name: string; }' is missing the following properties from type '{ id: string | CostCategoryCompanyIdNameCompoundUniqueInput; companyId_name: string | CostCategoryCompanyIdNameCompoundUniqueInput; }': id, companyId_name
prisma/seed.ts(48,9): error TS2322: Type '{ name: string; allocateRevenue: true; allocateNonRevenue: false; }' is not assignable to type '(Without<CostCategoryCreateInput, CostCategoryUncheckedCreateInput> & CostCategoryUncheckedCreateInput) | (Without<...> & CostCategoryCreateInput)'.
  Type '{ name: string; allocateRevenue: true; allocateNonRevenue: false; }' is not assignable to type 'Without<CostCategoryUncheckedCreateInput, CostCategoryCreateInput> & CostCategoryCreateInput'.
    Property 'company' is missing in type '{ name: string; allocateRevenue: true; allocateNonRevenue: false; }' but required in type 'CostCategoryCreateInput'.
prisma/seed.ts(99,13): error TS2322: Type '{ code: string; }' is not assignable to type 'AccountWhereUniqueInput'.
  Type '{ code: string; }' is not assignable to type '{ id: string | AccountCompanyIdCodeCompoundUniqueInput; companyId_code: string | AccountCompanyIdCodeCompoundUniqueInput; } & { ...; }'.
    Type '{ code: string; }' is missing the following properties from type '{ id: string | AccountCompanyIdCodeCompoundUniqueInput; companyId_code: string | AccountCompanyIdCodeCompoundUniqueInput; }': id, companyId_code
prisma/seed.ts(101,13): error TS2322: Type '{ code: string; name: string; type: string; }' is not assignable to type '(Without<AccountCreateInput, AccountUncheckedCreateInput> & AccountUncheckedCreateInput) | (Without<...> & AccountCreateInput)'.
  Type '{ code: string; name: string; type: string; }' is not assignable to type 'Without<AccountUncheckedCreateInput, AccountCreateInput> & AccountCreateInput'.
    Property 'company' is missing in type '{ code: string; name: string; type: string; }' but required in type 'AccountCreateInput'.
prisma/seed.ts(121,13): error TS2322: Type '{ name: string; }' is not assignable to type 'VoucherTypeWhereUniqueInput'.
  Type '{ name: string; }' is not assignable to type '{ id: string; } & { id?: string | undefined; AND?: VoucherTypeWhereInput | VoucherTypeWhereInput[] | undefined; OR?: VoucherTypeWhereInput[] | undefined; ... 15 more ...; projectExpenses?: ProjectExpenseListRelationFilter | undefined; }'.
    Property 'id' is missing in type '{ name: string; }' but required in type '{ id: string; }'.
prisma/seed.ts(123,13): error TS2322: Type '{ name: string; abbreviation: string; category: string; isSystemDefined: boolean; }' is not assignable to type '(Without<VoucherTypeCreateInput, VoucherTypeUncheckedCreateInput> & VoucherTypeUncheckedCreateInput) | (Without<...> & VoucherTypeCreateInput)'.
  Type '{ name: string; abbreviation: string; category: string; isSystemDefined: boolean; }' is not assignable to type 'Without<VoucherTypeUncheckedCreateInput, VoucherTypeCreateInput> & VoucherTypeCreateInput'.
    Property 'company' is missing in type '{ name: string; abbreviation: string; category: string; isSystemDefined: boolean; }' but required in type 'VoucherTypeCreateInput'.
src/app/actions/setup.ts(115,21): error TS2322: Type '{ code: string; }' is not assignable to type 'AccountWhereUniqueInput'.
  Type '{ code: string; }' is not assignable to type '{ id: string | AccountCompanyIdCodeCompoundUniqueInput; companyId_code: string | AccountCompanyIdCodeCompoundUniqueInput; } & { ...; }'.
    Type '{ code: string; }' is missing the following properties from type '{ id: string | AccountCompanyIdCodeCompoundUniqueInput; companyId_code: string | AccountCompanyIdCodeCompoundUniqueInput; }': id, companyId_code
src/app/actions/setup.ts(117,21): error TS2322: Type '{ code: string; name: string; type: string; }' is not assignable to type '(Without<AccountCreateInput, AccountUncheckedCreateInput> & AccountUncheckedCreateInput) | (Without<...> & AccountCreateInput)'.
  Type '{ code: string; name: string; type: string; }' is not assignable to type 'Without<AccountUncheckedCreateInput, AccountCreateInput> & AccountCreateInput'.
    Property 'company' is missing in type '{ code: string; name: string; type: string; }' but required in type 'AccountCreateInput'.
src/app/actions/setup.ts(124,13): error TS2322: Type '{ name: string; }' is not assignable to type '(Without<GodownCreateInput, GodownUncheckedCreateInput> & GodownUncheckedCreateInput) | (Without<...> & GodownCreateInput)'.
  Type '{ name: string; }' is not assignable to type 'Without<GodownUncheckedCreateInput, GodownCreateInput> & GodownCreateInput'.
    Property 'company' is missing in type '{ name: string; }' but required in type 'GodownCreateInput'.
src/app/api/assets/route.ts(54,13): error TS2322: Type '{ name: any; assetNumber: any; description: any; accountId: any; depreciationMethod: any; depreciationRate: number; usefulLifeInYears: number | null; depreciationExpenseAccountId: any; accumulatedDepreciationAccountId: any; purchaseDate: Date; purchaseCost: number; salvageValue: number; status: string; }' is not assignable to type '(Without<FixedAssetCreateInput, FixedAssetUncheckedCreateInput> & FixedAssetUncheckedCreateInput) | (Without<...> & FixedAssetCreateInput)'.
  Type '{ name: any; assetNumber: any; description: any; accountId: any; depreciationMethod: any; depreciationRate: number; usefulLifeInYears: number | null; depreciationExpenseAccountId: any; accumulatedDepreciationAccountId: any; purchaseDate: Date; purchaseCost: number; salvageValue: number; status: string; }' is not assignable to type 'Without<FixedAssetUncheckedCreateInput, FixedAssetCreateInput> & FixedAssetCreateInput'.
    Type '{ name: any; assetNumber: any; description: any; accountId: any; depreciationMethod: any; depreciationRate: number; usefulLifeInYears: number | null; depreciationExpenseAccountId: any; accumulatedDepreciationAccountId: any; purchaseDate: Date; purchaseCost: number; salvageValue: number; status: string; }' is missing the following properties from type 'FixedAssetCreateInput': company, account
src/app/api/budgets/route.ts(64,13): error TS2322: Type '{ name: any; financialYearStart: Date; financialYearEnd: Date; period: any; entries: { create: any; }; }' is not assignable to type '(Without<BudgetCreateInput, BudgetUncheckedCreateInput> & BudgetUncheckedCreateInput) | (Without<...> & BudgetCreateInput)'.
  Type '{ name: any; financialYearStart: Date; financialYearEnd: Date; period: any; entries: { create: any; }; }' is not assignable to type 'Without<BudgetUncheckedCreateInput, BudgetCreateInput> & BudgetCreateInput'.
    Property 'company' is missing in type '{ name: any; financialYearStart: Date; financialYearEnd: Date; period: any; entries: { create: any; }; }' but required in type 'BudgetCreateInput'.
src/app/api/cost-centers/route.ts(40,13): error TS2322: Type '{ name: string; }' is not assignable to type 'CostCategoryWhereUniqueInput'.
  Type '{ name: string; }' is not assignable to type '{ id: string | CostCategoryCompanyIdNameCompoundUniqueInput; companyId_name: string | CostCategoryCompanyIdNameCompoundUniqueInput; } & { ...; }'.
    Type '{ name: string; }' is missing the following properties from type '{ id: string | CostCategoryCompanyIdNameCompoundUniqueInput; companyId_name: string | CostCategoryCompanyIdNameCompoundUniqueInput; }': id, companyId_name
src/app/api/cost-centers/route.ts(45,17): error TS2322: Type '{ name: string; allocateRevenue: true; allocateNonRevenue: false; }' is not assignable to type '(Without<CostCategoryCreateInput, CostCategoryUncheckedCreateInput> & CostCategoryUncheckedCreateInput) | (Without<...> & CostCategoryCreateInput)'.
  Type '{ name: string; allocateRevenue: true; allocateNonRevenue: false; }' is not assignable to type 'Without<CostCategoryUncheckedCreateInput, CostCategoryCreateInput> & CostCategoryCreateInput'.
    Property 'company' is missing in type '{ name: string; allocateRevenue: true; allocateNonRevenue: false; }' but required in type 'CostCategoryCreateInput'.
src/app/api/godowns/route.ts(38,13): error TS2322: Type '{ name: any; location: any; }' is not assignable to type '(Without<GodownCreateInput, GodownUncheckedCreateInput> & GodownUncheckedCreateInput) | (Without<...> & GodownCreateInput)'.
  Type '{ name: any; location: any; }' is not assignable to type 'Without<GodownUncheckedCreateInput, GodownCreateInput> & GodownCreateInput'.
    Property 'company' is missing in type '{ name: any; location: any; }' but required in type 'GodownCreateInput'.
src/app/api/import/tally/route.ts(34,21): error TS2322: Type '{ name: any; code: any; type: string; balance: any; isActive: true; }' is not assignable to type '(Without<AccountCreateInput, AccountUncheckedCreateInput> & AccountUncheckedCreateInput) | (Without<...> & AccountCreateInput)'.
  Type '{ name: any; code: any; type: string; balance: any; isActive: true; }' is not assignable to type 'Without<AccountUncheckedCreateInput, AccountCreateInput> & AccountCreateInput'.
    Property 'company' is missing in type '{ name: any; code: any; type: string; balance: any; isActive: true; }' but required in type 'AccountCreateInput'.
src/app/api/import/tally/route.ts(87,17): error TS2322: Type '{ voucherNumber: any; voucherType: any; date: Date; narration: any; totalDebit: any; totalCredit: any; createdBy: any; }' is not assignable to type '(Without<VoucherCreateInput, VoucherUncheckedCreateInput> & VoucherUncheckedCreateInput) | (Without<...> & VoucherCreateInput)'.
  Type '{ voucherNumber: any; voucherType: any; date: Date; narration: any; totalDebit: any; totalCredit: any; createdBy: any; }' is not assignable to type 'Without<VoucherUncheckedCreateInput, VoucherCreateInput> & VoucherCreateInput'.
    Property 'company' is missing in type '{ voucherNumber: any; voucherType: any; date: Date; narration: any; totalDebit: any; totalCredit: any; createdBy: any; }' but required in type 'VoucherCreateInput'.
src/app/api/inventory/stock-groups/route.ts(47,13): error TS2322: Type '{ name: any; parentId: any; description: any; }' is not assignable to type '(Without<StockGroupCreateInput, StockGroupUncheckedCreateInput> & StockGroupUncheckedCreateInput) | (Without<...> & StockGroupCreateInput)'.
  Type '{ name: any; parentId: any; description: any; }' is not assignable to type 'Without<StockGroupUncheckedCreateInput, StockGroupCreateInput> & StockGroupCreateInput'.
    Property 'company' is missing in type '{ name: any; parentId: any; description: any; }' but required in type 'StockGroupCreateInput'.
src/app/api/inventory/units/route.ts(36,13): error TS2322: Type '{ name: any; symbol: any; decimalPlaces: any; }' is not assignable to type '(Without<UnitOfMeasureCreateInput, UnitOfMeasureUncheckedCreateInput> & UnitOfMeasureUncheckedCreateInput) | (Without<...> & UnitOfMeasureCreateInput)'.
  Type '{ name: any; symbol: any; decimalPlaces: any; }' is not assignable to type 'Without<UnitOfMeasureUncheckedCreateInput, UnitOfMeasureCreateInput> & UnitOfMeasureCreateInput'.
    Property 'company' is missing in type '{ name: any; symbol: any; decimalPlaces: any; }' but required in type 'UnitOfMeasureCreateInput'.
src/app/api/masters/cost-categories/route.ts(33,13): error TS2322: Type '{ name: any; allocateRevenue: any; allocateNonRevenue: any; }' is not assignable to type '(Without<CostCategoryCreateInput, CostCategoryUncheckedCreateInput> & CostCategoryUncheckedCreateInput) | (Without<...> & CostCategoryCreateInput)'.
  Type '{ name: any; allocateRevenue: any; allocateNonRevenue: any; }' is not assignable to type 'Without<CostCategoryUncheckedCreateInput, CostCategoryCreateInput> & CostCategoryCreateInput'.
    Property 'company' is missing in type '{ name: any; allocateRevenue: any; allocateNonRevenue: any; }' but required in type 'CostCategoryCreateInput'.
src/app/api/masters/godowns/route.ts(52,13): error TS2322: Type '{ name: any; }' is not assignable to type 'GodownWhereUniqueInput'.
  Type '{ name: any; }' is not assignable to type '{ id: string | GodownCompanyIdNameCompoundUniqueInput; companyId_name: string | GodownCompanyIdNameCompoundUniqueInput; } & { ...; }'.
    Type '{ name: any; }' is missing the following properties from type '{ id: string | GodownCompanyIdNameCompoundUniqueInput; companyId_name: string | GodownCompanyIdNameCompoundUniqueInput; }': id, companyId_name
src/app/api/masters/godowns/route.ts(60,13): error TS2322: Type '{ name: any; location: any; parentId: any; }' is not assignable to type '(Without<GodownCreateInput, GodownUncheckedCreateInput> & GodownUncheckedCreateInput) | (Without<...> & GodownCreateInput)'.
  Type '{ name: any; location: any; parentId: any; }' is not assignable to type 'Without<GodownUncheckedCreateInput, GodownCreateInput> & GodownCreateInput'.
    Property 'company' is missing in type '{ name: any; location: any; parentId: any; }' but required in type 'GodownCreateInput'.
src/app/api/masters/godowns/route.ts(108,59): error TS2322: Type '{ name: any; }' is not assignable to type 'GodownWhereUniqueInput'.
  Type '{ name: any; }' is not assignable to type '{ id: string | GodownCompanyIdNameCompoundUniqueInput; companyId_name: string | GodownCompanyIdNameCompoundUniqueInput; } & { ...; }'.
    Type '{ name: any; }' is missing the following properties from type '{ id: string | GodownCompanyIdNameCompoundUniqueInput; companyId_name: string | GodownCompanyIdNameCompoundUniqueInput; }': id, companyId_name
src/app/api/payroll/attendance-types/route.ts(29,13): error TS2322: Type '{ name: any; unitName: any; isLeave: any; isPaidLeave: any; }' is not assignable to type '(Without<AttendanceTypeCreateInput, AttendanceTypeUncheckedCreateInput> & AttendanceTypeUncheckedCreateInput) | (Without<...> & AttendanceTypeCreateInput)'.
  Type '{ name: any; unitName: any; isLeave: any; isPaidLeave: any; }' is not assignable to type 'Without<AttendanceTypeUncheckedCreateInput, AttendanceTypeCreateInput> & AttendanceTypeCreateInput'.
    Property 'company' is missing in type '{ name: any; unitName: any; isLeave: any; isPaidLeave: any; }' but required in type 'AttendanceTypeCreateInput'.
src/app/api/payroll/employees/route.ts(57,13): error TS2322: Type '{ employeeCode: any; }' is not assignable to type 'EmployeeWhereUniqueInput'.
  Type '{ employeeCode: any; }' is not assignable to type '{ id: string | EmployeeCompanyIdEmployeeCodeCompoundUniqueInput; companyId_employeeCode: string | EmployeeCompanyIdEmployeeCodeCompoundUniqueInput; } & { ...; }'.
    Type '{ employeeCode: any; }' is missing the following properties from type '{ id: string | EmployeeCompanyIdEmployeeCodeCompoundUniqueInput; companyId_employeeCode: string | EmployeeCompanyIdEmployeeCodeCompoundUniqueInput; }': id, companyId_employeeCode
src/app/api/payroll/employees/route.ts(65,13): error TS2322: Type '{ employeeCode: any; name: any; designation: any; department: any; dateOfJoining: Date; dateOfLeaving: Date | null; bankName: any; accountNumber: any; ifscCode: any; panNumber: any; aadharNumber: any; uanNumber: any; esiNumber: any; isActive: true; }' is not assignable to type '(Without<EmployeeCreateInput, EmployeeUncheckedCreateInput> & EmployeeUncheckedCreateInput) | (Without<...> & EmployeeCreateInput)'.
  Type '{ employeeCode: any; name: any; designation: any; department: any; dateOfJoining: Date; dateOfLeaving: Date | null; bankName: any; accountNumber: any; ifscCode: any; panNumber: any; aadharNumber: any; uanNumber: any; esiNumber: any; isActive: true; }' is not assignable to type 'Without<EmployeeUncheckedCreateInput, EmployeeCreateInput> & EmployeeCreateInput'.
    Property 'company' is missing in type '{ employeeCode: any; name: any; designation: any; department: any; dateOfJoining: Date; dateOfLeaving: Date | null; bankName: any; accountNumber: any; ifscCode: any; panNumber: any; aadharNumber: any; uanNumber: any; esiNumber: any; isActive: true; }' but required in type 'EmployeeCreateInput'.
src/app/api/payroll/pay-heads/route.ts(29,13): error TS2322: Type '{ name: any; type: any; calculationType: any; ledgerName: any; }' is not assignable to type '(Without<PayHeadCreateInput, PayHeadUncheckedCreateInput> & PayHeadUncheckedCreateInput) | (Without<...> & PayHeadCreateInput)'.
  Type '{ name: any; type: any; calculationType: any; ledgerName: any; }' is not assignable to type 'Without<PayHeadUncheckedCreateInput, PayHeadCreateInput> & PayHeadCreateInput'.
    Property 'company' is missing in type '{ name: any; type: any; calculationType: any; ledgerName: any; }' but required in type 'PayHeadCreateInput'.
src/app/api/payroll/salary-slips/route.ts(95,13): error TS2322: Type '{ employeeId: any; month: number; year: number; grossSalary: any; totalDeductions: any; netSalary: number; entries: { create: any; }; }' is not assignable to type '(Without<SalarySlipCreateInput, SalarySlipUncheckedCreateInput> & SalarySlipUncheckedCreateInput) | (Without<...> & SalarySlipCreateInput)'.
  Type '{ employeeId: any; month: number; year: number; grossSalary: any; totalDeductions: any; netSalary: number; entries: { create: any; }; }' is not assignable to type 'Without<SalarySlipUncheckedCreateInput, SalarySlipCreateInput> & SalarySlipCreateInput'.
    Type '{ employeeId: any; month: number; year: number; grossSalary: any; totalDeductions: any; netSalary: number; entries: { create: any; }; }' is missing the following properties from type 'SalarySlipCreateInput': company, employee
src/app/api/projects/route.ts(76,13): error TS2322: Type '{ name: any; description: any; customerId: any; billingType: any; projectAmount: number; ratePerHour: number; status: string; startDate: Date; endDate: Date | null; tasks: { create: any; }; }' is not assignable to type '(Without<ProjectCreateInput, ProjectUncheckedCreateInput> & ProjectUncheckedCreateInput) | (Without<...> & ProjectCreateInput)'.
  Type '{ name: any; description: any; customerId: any; billingType: any; projectAmount: number; ratePerHour: number; status: string; startDate: Date; endDate: Date | null; tasks: { create: any; }; }' is not assignable to type 'Without<ProjectUncheckedCreateInput, ProjectCreateInput> & ProjectCreateInput'.
    Type '{ name: any; description: any; customerId: any; billingType: any; projectAmount: number; ratePerHour: number; status: string; startDate: Date; endDate: Date | null; tasks: { create: any; }; }' is missing the following properties from type 'ProjectCreateInput': company, customer
src/app/api/purchases/orders/[id]/convert/route.ts(58,17): error TS2322: Type '{ voucherNumber: any; voucherType: string; date: Date; totalDebit: number; totalCredit: number; narration: string; createdBy: string; isPosted: true; entries: { create: { accountId: any; accountName: any; debit: number; credit: number; }[]; }; items: { ...; }; }' is not assignable to type '(Without<VoucherCreateInput, VoucherUncheckedCreateInput> & VoucherUncheckedCreateInput) | (Without<...> & VoucherCreateInput)'.
  Type '{ voucherNumber: any; voucherType: string; date: Date; totalDebit: number; totalCredit: number; narration: string; createdBy: string; isPosted: true; entries: { create: { accountId: any; accountName: any; debit: number; credit: number; }[]; }; items: { ...; }; }' is not assignable to type 'Without<VoucherUncheckedCreateInput, VoucherCreateInput> & VoucherCreateInput'.
    Property 'company' is missing in type '{ voucherNumber: any; voucherType: string; date: Date; totalDebit: number; totalCredit: number; narration: string; createdBy: string; isPosted: true; entries: { create: { accountId: any; accountName: any; debit: number; credit: number; }[]; }; items: { ...; }; }' but required in type 'VoucherCreateInput'.
src/app/api/tcs/configs/route.ts(35,13): error TS2322: Type '{ goodsType: any; description: any; threshold: number; rate: number; isActive: any; }' is not assignable to type '(Without<TCSConfigCreateInput, TCSConfigUncheckedCreateInput> & TCSConfigUncheckedCreateInput) | (Without<...> & TCSConfigCreateInput)'.
  Type '{ goodsType: any; description: any; threshold: number; rate: number; isActive: any; }' is not assignable to type 'Without<TCSConfigUncheckedCreateInput, TCSConfigCreateInput> & TCSConfigCreateInput'.
    Property 'company' is missing in type '{ goodsType: any; description: any; threshold: number; rate: number; isActive: any; }' but required in type 'TCSConfigCreateInput'.
src/app/api/tds/sections/route.ts(35,13): error TS2322: Type '{ section: any; description: any; thresholdLimit: number; rateWithPAN: number; rateWithoutPAN: number; applicableOn: any; isActive: any; }' is not assignable to type '(Without<TDSSectionCreateInput, TDSSectionUncheckedCreateInput> & TDSSectionUncheckedCreateInput) | (Without<...> & TDSSectionCreateInput)'.
  Type '{ section: any; description: any; thresholdLimit: number; rateWithPAN: number; rateWithoutPAN: number; applicableOn: any; isActive: any; }' is not assignable to type 'Without<TDSSectionUncheckedCreateInput, TDSSectionCreateInput> & TDSSectionCreateInput'.
    Property 'company' is missing in type '{ section: any; description: any; thresholdLimit: number; rateWithPAN: number; rateWithoutPAN: number; applicableOn: any; isActive: any; }' but required in type 'TDSSectionCreateInput'.
src/app/api/voucher-types/route.ts(41,13): error TS2322: Type '{ name: any; }' is not assignable to type 'VoucherTypeWhereUniqueInput'.
  Type '{ name: any; }' is not assignable to type '{ id: string; } & { id?: string | undefined; AND?: VoucherTypeWhereInput | VoucherTypeWhereInput[] | undefined; OR?: VoucherTypeWhereInput[] | undefined; ... 15 more ...; projectExpenses?: ProjectExpenseListRelationFilter | undefined; }'.
    Property 'id' is missing in type '{ name: any; }' but required in type '{ id: string; }'.
src/app/api/voucher-types/route.ts(53,13): error TS2322: Type '{ name: any; abbreviation: any; category: any; prefix: any; startingNumber: any; affectsInventory: any; requiresGST: any; isSystemDefined: false; isActive: true; }' is not assignable to type '(Without<VoucherTypeCreateInput, VoucherTypeUncheckedCreateInput> & VoucherTypeUncheckedCreateInput) | (Without<...> & VoucherTypeCreateInput)'.
  Type '{ name: any; abbreviation: any; category: any; prefix: any; startingNumber: any; affectsInventory: any; requiresGST: any; isSystemDefined: false; isActive: true; }' is not assignable to type 'Without<VoucherTypeUncheckedCreateInput, VoucherTypeCreateInput> & VoucherTypeCreateInput'.
    Property 'company' is missing in type '{ name: any; abbreviation: any; category: any; prefix: any; startingNumber: any; affectsInventory: any; requiresGST: any; isSystemDefined: false; isActive: true; }' but required in type 'VoucherTypeCreateInput'.
src/app/api/vouchers/[id]/route.ts(21,17): error TS2322: Type 'string | null | undefined' is not assignable to type 'string | StringFilter<"Voucher"> | undefined'.
  Type 'null' is not assignable to type 'string | StringFilter<"Voucher"> | undefined'.
src/app/api/vouchers/route.ts(141,100): error TS2322: Type 'string | null | undefined' is not assignable to type 'string | StringFilter<"Account"> | undefined'.
  Type 'null' is not assignable to type 'string | StringFilter<"Account"> | undefined'.
src/app/api/vouchers/route.ts(142,94): error TS2322: Type 'string | null | undefined' is not assignable to type 'string | StringFilter<"Account"> | undefined'.
  Type 'null' is not assignable to type 'string | StringFilter<"Account"> | undefined'.
src/app/api/vouchers/route.ts(143,92): error TS2322: Type 'string | null | undefined' is not assignable to type 'string | StringFilter<"Account"> | undefined'.
  Type 'null' is not assignable to type 'string | StringFilter<"Account"> | undefined'.
src/lib/tds.ts(18,9): error TS2322: Type '{ section: string; }' is not assignable to type 'TDSSectionWhereUniqueInput'.
  Type '{ section: string; }' is not assignable to type '{ id: string | TDSSectionCompanyIdSectionCompoundUniqueInput; companyId_section: string | TDSSectionCompanyIdSectionCompoundUniqueInput; } & { ...; }'.
    Type '{ section: string; }' is missing the following properties from type '{ id: string | TDSSectionCompanyIdSectionCompoundUniqueInput; companyId_section: string | TDSSectionCompanyIdSectionCompoundUniqueInput; }': id, companyId_section
src/lib/tds.ts(64,9): error TS2322: Type '{ goodsType: string; }' is not assignable to type 'TCSConfigWhereUniqueInput'.
  Type '{ goodsType: string; }' is not assignable to type '{ id: string | TCSConfigCompanyIdGoodsTypeCompoundUniqueInput; companyId_goodsType: string | TCSConfigCompanyIdGoodsTypeCompoundUniqueInput; } & { ...; }'.
    Type '{ goodsType: string; }' is missing the following properties from type '{ id: string | TCSConfigCompanyIdGoodsTypeCompoundUniqueInput; companyId_goodsType: string | TCSConfigCompanyIdGoodsTypeCompoundUniqueInput; }': id, companyId_goodsType
src/lib/tds.ts(158,9): error TS2322: Type '{ section: string; }' is not assignable to type 'TDSSectionWhereUniqueInput'.
  Type '{ section: string; }' is not assignable to type '{ id: string | TDSSectionCompanyIdSectionCompoundUniqueInput; companyId_section: string | TDSSectionCompanyIdSectionCompoundUniqueInput; } & { ...; }'.
    Type '{ section: string; }' is missing the following properties from type '{ id: string | TDSSectionCompanyIdSectionCompoundUniqueInput; companyId_section: string | TDSSectionCompanyIdSectionCompoundUniqueInput; }': id, companyId_section
src/lib/tds.ts(194,9): error TS2322: Type '{ goodsType: string; }' is not assignable to type 'TCSConfigWhereUniqueInput'.
  Type '{ goodsType: string; }' is not assignable to type '{ id: string | TCSConfigCompanyIdGoodsTypeCompoundUniqueInput; companyId_goodsType: string | TCSConfigCompanyIdGoodsTypeCompoundUniqueInput; } & { ...; }'.
    Type '{ goodsType: string; }' is missing the following properties from type '{ id: string | TCSConfigCompanyIdGoodsTypeCompoundUniqueInput; companyId_goodsType: string | TCSConfigCompanyIdGoodsTypeCompoundUniqueInput; }': id, companyId_goodsType
